<?xml version="1.0" encoding="UTF-8"?>
<!-- Generated by org.testng.reporters.JUnitReportReporter -->
<testsuite hostname="Kalai" failures="0" tests="2" name="org.testFail.ClassB" time="0.006" errors="0" timestamp="2023-08-12T15:14:50 IST" skipped="0">
  <testcase classname="org.testFail.ClassB" name="test4" time="0.003"/>
  <testcase classname="org.testFail.ClassB" name="test3" time="0.003"/>
</testsuite> <!-- org.testFail.ClassB -->
